<?xml version="1.0" encoding="UTF-8"?>
<!-- Generated by org.testng.reporters.JUnitXMLReporter -->
<testsuite ignored="0" hostname="suyog" failures="0" tests="8" name="OpencartTest" time="43.363" errors="0" timestamp="2024-01-03T02:44:51 IST">
  <testcase classname="testCases.TC_001_AccountRegistrationTest" name="test_HomrPage" time="0.297"/>
  <testcase classname="testCases.TC_001_AccountRegistrationTest" name="test_registrationPage" time="2.591"/>
  <testcase classname="testCases.TC_002LoginAccount" name="TC_002_LoginAccount" time="0.654"/>
  <testcase classname="testCases.TC_003_LoginDp" name="test_loginData" time="0.961"/>
  <testcase classname="testCases.TC_003_LoginDp" name="test_loginData" time="0.911"/>
  <testcase classname="testCases.TC_003_LoginDp" name="test_loginData" time="10.731"/>
  <testcase classname="testCases.TC_003_LoginDp" name="test_loginData" time="10.512"/>
  <testcase classname="testCases.TC_003_LoginDp" name="test_loginData" time="10.53"/>
</testsuite> <!-- OpencartTest -->
