<?xml version="1.0" encoding="UTF-8"?>
<testng-results ignored="0" total="8" passed="8" failed="0" skipped="0">
  <reporter-output>
  </reporter-output>
  <suite started-at="2024-01-03T02:44:08 IST" name="OpenCartSuite" finished-at="2024-01-03T02:44:51 IST" duration-ms="43363">
    <groups>
      <group name="Master">
        <method signature="TC_002LoginAccount.TC_002_LoginAccount()[pri:0, instance:testCases.TC_002LoginAccount@77fbd92c]" name="TC_002_LoginAccount" class="testCases.TC_002LoginAccount"/>
      </group> <!-- Master -->
      <group name="Sanity">
        <method signature="TC_002LoginAccount.TC_002_LoginAccount()[pri:0, instance:testCases.TC_002LoginAccount@77fbd92c]" name="TC_002_LoginAccount" class="testCases.TC_002LoginAccount"/>
      </group> <!-- Sanity -->
      <group name="regression">
        <method signature="TC_001_AccountRegistrationTest.test_HomrPage()[pri:1, instance:testCases.TC_001_AccountRegistrationTest@4550bb58]" name="test_HomrPage" class="testCases.TC_001_AccountRegistrationTest"/>
        <method signature="TC_001_AccountRegistrationTest.test_registrationPage()[pri:2, instance:testCases.TC_001_AccountRegistrationTest@4550bb58]" name="test_registrationPage" class="testCases.TC_001_AccountRegistrationTest"/>
      </group> <!-- regression -->
      <group name="master">
        <method signature="TC_001_AccountRegistrationTest.test_HomrPage()[pri:1, instance:testCases.TC_001_AccountRegistrationTest@4550bb58]" name="test_HomrPage" class="testCases.TC_001_AccountRegistrationTest"/>
        <method signature="TC_001_AccountRegistrationTest.test_registrationPage()[pri:2, instance:testCases.TC_001_AccountRegistrationTest@4550bb58]" name="test_registrationPage" class="testCases.TC_001_AccountRegistrationTest"/>
      </group> <!-- master -->
    </groups>
    <test started-at="2024-01-03T02:44:08 IST" name="OpencartTest" finished-at="2024-01-03T02:44:51 IST" duration-ms="43363">
      <class name="testCases.TC_001_AccountRegistrationTest">
        <test-method is-config="true" signature="setup(java.lang.String)[pri:0, instance:testCases.TC_001_AccountRegistrationTest@4550bb58]" started-at="2024-01-03T02:44:08 IST" name="setup" finished-at="2024-01-03T02:44:11 IST" duration-ms="2592" status="PASS">
          <params>
            <param index="0">
              <value>
                <![CDATA[chrome]]>
              </value>
            </param>
          </params>
          <reporter-output>
          </reporter-output>
        </test-method> <!-- setup -->
        <test-method signature="test_HomrPage()[pri:1, instance:testCases.TC_001_AccountRegistrationTest@4550bb58]" started-at="2024-01-03T02:44:11 IST" name="test_HomrPage" finished-at="2024-01-03T02:44:11 IST" duration-ms="297" status="PASS">
          <reporter-output>
          </reporter-output>
        </test-method> <!-- test_HomrPage -->
        <test-method signature="test_registrationPage()[pri:2, instance:testCases.TC_001_AccountRegistrationTest@4550bb58]" started-at="2024-01-03T02:44:11 IST" name="test_registrationPage" finished-at="2024-01-03T02:44:13 IST" duration-ms="2591" status="PASS">
          <reporter-output>
          </reporter-output>
        </test-method> <!-- test_registrationPage -->
        <test-method is-config="true" signature="tearDown()[pri:0, instance:testCases.TC_001_AccountRegistrationTest@4550bb58]" started-at="2024-01-03T02:44:13 IST" name="tearDown" finished-at="2024-01-03T02:44:13 IST" duration-ms="78" status="PASS">
          <reporter-output>
          </reporter-output>
        </test-method> <!-- tearDown -->
      </class> <!-- testCases.TC_001_AccountRegistrationTest -->
      <class name="testCases.TC_002LoginAccount">
        <test-method is-config="true" signature="setup(java.lang.String)[pri:0, instance:testCases.TC_002LoginAccount@77fbd92c]" started-at="2024-01-03T02:44:13 IST" name="setup" finished-at="2024-01-03T02:44:15 IST" duration-ms="1283" status="PASS">
          <params>
            <param index="0">
              <value>
                <![CDATA[chrome]]>
              </value>
            </param>
          </params>
          <reporter-output>
          </reporter-output>
        </test-method> <!-- setup -->
        <test-method signature="TC_002_LoginAccount()[pri:0, instance:testCases.TC_002LoginAccount@77fbd92c]" started-at="2024-01-03T02:44:15 IST" name="TC_002_LoginAccount" finished-at="2024-01-03T02:44:15 IST" duration-ms="654" status="PASS">
          <reporter-output>
          </reporter-output>
        </test-method> <!-- TC_002_LoginAccount -->
        <test-method is-config="true" signature="tearDown()[pri:0, instance:testCases.TC_002LoginAccount@77fbd92c]" started-at="2024-01-03T02:44:15 IST" name="tearDown" finished-at="2024-01-03T02:44:15 IST" duration-ms="71" status="PASS">
          <reporter-output>
          </reporter-output>
        </test-method> <!-- tearDown -->
      </class> <!-- testCases.TC_002LoginAccount -->
      <class name="testCases.TC_003_LoginDp">
        <test-method is-config="true" signature="setup(java.lang.String)[pri:0, instance:testCases.TC_003_LoginDp@67c27493]" started-at="2024-01-03T02:44:15 IST" name="setup" finished-at="2024-01-03T02:44:17 IST" duration-ms="1279" status="PASS">
          <params>
            <param index="0">
              <value>
                <![CDATA[chrome]]>
              </value>
            </param>
          </params>
          <reporter-output>
          </reporter-output>
        </test-method> <!-- setup -->
        <test-method signature="test_loginData(java.lang.String,java.lang.String,java.lang.String)[pri:0, instance:testCases.TC_003_LoginDp@67c27493]" started-at="2024-01-03T02:44:17 IST" name="test_loginData" data-provider="LoginData" finished-at="2024-01-03T02:44:18 IST" duration-ms="961" status="PASS">
          <params>
            <param index="0">
              <value>
                <![CDATA[admin@gmail.com]]>
              </value>
            </param>
            <param index="1">
              <value>
                <![CDATA[abc@123]]>
              </value>
            </param>
            <param index="2">
              <value>
                <![CDATA[valid]]>
              </value>
            </param>
          </params>
          <reporter-output>
          </reporter-output>
        </test-method> <!-- test_loginData -->
        <test-method signature="test_loginData(java.lang.String,java.lang.String,java.lang.String)[pri:0, instance:testCases.TC_003_LoginDp@67c27493]" started-at="2024-01-03T02:44:18 IST" name="test_loginData" data-provider="LoginData" finished-at="2024-01-03T02:44:19 IST" duration-ms="911" status="PASS">
          <params>
            <param index="0">
              <value>
                <![CDATA[suyog0585@gmail.com]]>
              </value>
            </param>
            <param index="1">
              <value>
                <![CDATA[abc@1234]]>
              </value>
            </param>
            <param index="2">
              <value>
                <![CDATA[valid]]>
              </value>
            </param>
          </params>
          <reporter-output>
          </reporter-output>
        </test-method> <!-- test_loginData -->
        <test-method signature="test_loginData(java.lang.String,java.lang.String,java.lang.String)[pri:0, instance:testCases.TC_003_LoginDp@67c27493]" started-at="2024-01-03T02:44:19 IST" name="test_loginData" data-provider="LoginData" finished-at="2024-01-03T02:44:30 IST" duration-ms="10731" status="PASS">
          <params>
            <param index="0">
              <value>
                <![CDATA[laksh@yahoo.com]]>
              </value>
            </param>
            <param index="1">
              <value>
                <![CDATA[Lakshmi]]>
              </value>
            </param>
            <param index="2">
              <value>
                <![CDATA[Invalid]]>
              </value>
            </param>
          </params>
          <reporter-output>
          </reporter-output>
        </test-method> <!-- test_loginData -->
        <test-method signature="test_loginData(java.lang.String,java.lang.String,java.lang.String)[pri:0, instance:testCases.TC_003_LoginDp@67c27493]" started-at="2024-01-03T02:44:30 IST" name="test_loginData" data-provider="LoginData" finished-at="2024-01-03T02:44:40 IST" duration-ms="10512" status="PASS">
          <params>
            <param index="0">
              <value>
                <![CDATA[laks@yahoo.com]]>
              </value>
            </param>
            <param index="1">
              <value>
                <![CDATA[xyz]]>
              </value>
            </param>
            <param index="2">
              <value>
                <![CDATA[Invalid]]>
              </value>
            </param>
          </params>
          <reporter-output>
          </reporter-output>
        </test-method> <!-- test_loginData -->
        <test-method signature="test_loginData(java.lang.String,java.lang.String,java.lang.String)[pri:0, instance:testCases.TC_003_LoginDp@67c27493]" started-at="2024-01-03T02:44:40 IST" name="test_loginData" data-provider="LoginData" finished-at="2024-01-03T02:44:51 IST" duration-ms="10530" status="PASS">
          <params>
            <param index="0">
              <value>
                <![CDATA[abc123@gmail.com]]>
              </value>
            </param>
            <param index="1">
              <value>
                <![CDATA[test@123]]>
              </value>
            </param>
            <param index="2">
              <value>
                <![CDATA[inValid]]>
              </value>
            </param>
          </params>
          <reporter-output>
          </reporter-output>
        </test-method> <!-- test_loginData -->
        <test-method is-config="true" signature="tearDown()[pri:0, instance:testCases.TC_003_LoginDp@67c27493]" started-at="2024-01-03T02:44:51 IST" name="tearDown" finished-at="2024-01-03T02:44:51 IST" duration-ms="113" status="PASS">
          <reporter-output>
          </reporter-output>
        </test-method> <!-- tearDown -->
      </class> <!-- testCases.TC_003_LoginDp -->
    </test> <!-- OpencartTest -->
  </suite> <!-- OpenCartSuite -->
</testng-results>
