<?xml version="1.0" encoding="UTF-8"?>
<!-- Generated by org.testng.reporters.JUnitXMLReporter -->
<testsuite ignored="0" hostname="suyog" failures="0" tests="2" name="ChromeTest" time="0.378" errors="0" timestamp="2024-01-01T10:39:32 IST">
  <testcase classname="testBase.BaseClass" name="@BeforeClass setup" time="0.342">
    <failure type="java.lang.NullPointerException" message="Cannot invoke &amp;quot;org.openqa.selenium.WebDriver.manage()&amp;quot; because &amp;quot;testBase.BaseClass.driver&amp;quot; is null">
      <![CDATA[java.lang.NullPointerException: Cannot invoke "org.openqa.selenium.WebDriver.manage()" because "testBase.BaseClass.driver" is null
at testBase.BaseClass.setup(BaseClass.java:38)
at java.base/java.util.ArrayList.forEach(ArrayList.java:1511)
... Removed 23 stack frames]]>
    </failure>
  </testcase> <!-- @BeforeClass setup -->
  <testcase classname="testBase.BaseClass" name="@AfterClass tearDown" time="0.0">
    <skipped/>
  </testcase> <!-- @AfterClass tearDown -->
  <testcase classname="testCases.TC_001_AccountRegistrationTest" name="test_HomrPage" time="0.0">
    <skipped/>
  </testcase> <!-- test_HomrPage -->
  <testcase classname="testCases.TC_001_AccountRegistrationTest" name="test_registrationPage" time="0.0">
    <skipped/>
  </testcase> <!-- test_registrationPage -->
</testsuite> <!-- ChromeTest -->
