<?xml version="1.0" encoding="UTF-8"?>
<!-- Generated by org.testng.reporters.JUnitXMLReporter -->
<testsuite ignored="0" hostname="suyog" failures="0" tests="2" name="FirefoxTest" time="0.221" errors="0" timestamp="2024-01-01T10:27:47 IST">
  <testcase classname="testCases.TC_001_AccountRegistrationTest" name="test_HomrPage" time="0.0">
    <skipped/>
  </testcase> <!-- test_HomrPage -->
  <testcase classname="testCases.TC_001_AccountRegistrationTest" name="test_registrationPage" time="0.0">
    <skipped/>
  </testcase> <!-- test_registrationPage -->
</testsuite> <!-- FirefoxTest -->
