<?xml version="1.0" encoding="UTF-8"?>
<!-- Generated by org.testng.reporters.JUnitXMLReporter -->
<testsuite ignored="0" hostname="suyog" failures="0" tests="8" name="OpencartTest" time="42.712" errors="0" timestamp="2024-01-03T01:38:47 IST">
  <testcase classname="testCases.TC_001_AccountRegistrationTest" name="test_HomrPage" time="0.535"/>
  <testcase classname="testCases.TC_001_AccountRegistrationTest" name="test_registrationPage" time="2.784"/>
  <testcase classname="testCases.TC_002LoginAccount" name="TC_002_LoginAccount" time="0.603"/>
  <testcase classname="testCases.TC_003_LoginDp" name="test_loginData" time="0.913"/>
  <testcase classname="testCases.TC_003_LoginDp" name="test_loginData" time="0.774"/>
  <testcase classname="testCases.TC_003_LoginDp" name="test_loginData" time="10.558"/>
  <testcase classname="testCases.TC_003_LoginDp" name="test_loginData" time="10.461"/>
  <testcase classname="testCases.TC_003_LoginDp" name="test_loginData" time="10.509"/>
</testsuite> <!-- OpencartTest -->
